2025/March/31, 19:5:42.959598013 :: INFO :: Log system started
2025/March/31, 19:5:42.959725089 :: INFO :: Logger init
2025/March/31, 19:5:42.976785558 :: INFO :: Database connected
2025/March/31, 19:5:42.977105420 :: INFO :: Middlewares attached
2025/March/31, 19:5:42.977297887 :: INFO :: Routes attached
2025/March/31, 19:5:42.977351336 :: INFO :: Routes attached
2025/March/31, 19:5:42.977878752 :: INFO :: Service started up on port :5000
2025/March/31, 19:5:42.978002672 :: ERROR :: Service listen failed: listen tcp :5000: bind: address already in use
2025/March/31, 19:5:54.838927411 :: INFO :: Log system started
2025/March/31, 19:5:54.838992031 :: INFO :: Logger init
2025/March/31, 19:5:54.845174382 :: INFO :: Database connected
2025/March/31, 19:5:54.845215288 :: INFO :: Middlewares attached
2025/March/31, 19:5:54.845378830 :: INFO :: Routes attached
2025/March/31, 19:5:54.845440605 :: INFO :: Routes attached
2025/March/31, 19:5:54.845665852 :: INFO :: Service started up on port :5000
2025/March/31, 19:5:54.845949367 :: ERROR :: Service listen failed: listen tcp :5000: bind: address already in use
2025/March/31, 19:6:52.515780942 :: INFO :: Log system started
2025/March/31, 19:6:52.515869606 :: INFO :: Logger init
2025/March/31, 19:6:52.520779810 :: INFO :: Database connected
2025/March/31, 19:6:52.520816568 :: INFO :: Middlewares attached
2025/March/31, 19:6:52.520985702 :: INFO :: Routes attached
2025/March/31, 19:6:52.521040323 :: INFO :: Routes attached
2025/March/31, 19:6:52.521182957 :: INFO :: Service started up on port :5000
2025/March/31, 19:6:52.521468656 :: ERROR :: Service listen failed: listen tcp :5000: bind: address already in use
2025/March/31, 19:9:53.452002817 :: INFO :: Log system started
2025/March/31, 19:9:53.452129942 :: INFO :: Logger init
2025/March/31, 19:9:53.460069799 :: INFO :: Database connected
2025/March/31, 19:9:53.460104834 :: INFO :: Middlewares attached
2025/March/31, 19:9:53.460151009 :: INFO :: Routes attached
2025/March/31, 19:9:53.460168071 :: INFO :: Routes attached
2025/March/31, 19:9:53.460462576 :: INFO :: Service started up on port :5000
2025/March/31, 19:10:9.703739192 :: INFO :: Get all books served
