time=2025-04-16T07:43:41.854+02:00 level=INFO msg="Logger started"
time=2025-04-16T07:43:41.854+02:00 level=INFO msg="Logger init"
time=2025-04-16T07:43:41.873+02:00 level=INFO msg="Database connected"
time=2025-04-16T07:43:41.873+02:00 level=INFO msg="Middlewares attached"
time=2025-04-16T07:43:41.873+02:00 level=INFO msg="Routes attached"
time=2025-04-16T07:43:41.873+02:00 level=INFO msg="Routes attached"
time=2025-04-16T07:43:41.874+02:00 level=INFO msg="Service started up on port :5000"
time=2025-04-16T07:44:23.010+02:00 level=INFO msg="Get all books served"
time=2025-04-16T07:44:31.906+02:00 level=INFO msg="Db connection closed"
time=2025-04-16T07:44:31.906+02:00 level=INFO msg="Service shut down"
time=2025-04-16T07:50:14.912+02:00 level=INFO msg="Logger started"
time=2025-04-16T07:50:14.912+02:00 level=INFO msg="Logger init"
time=2025-04-16T07:50:14.919+02:00 level=INFO msg="Database connected"
time=2025-04-16T07:50:14.919+02:00 level=INFO msg="Middlewares attached"
time=2025-04-16T07:50:14.919+02:00 level=INFO msg="Routes attached"
time=2025-04-16T07:50:14.919+02:00 level=INFO msg="Routes attached"
time=2025-04-16T07:50:14.919+02:00 level=INFO msg="Service started up on port :5000"
time=2025-04-16T07:50:36.658+02:00 level=INFO msg="Db connection closed"
time=2025-04-16T07:50:36.658+02:00 level=INFO msg="Service shut down"
time=2025-04-16T07:51:48.770+02:00 level=INFO msg="Logger started"
time=2025-04-16T07:51:48.770+02:00 level=INFO msg="Logger init"
time=2025-04-16T07:51:48.775+02:00 level=INFO msg="Database connected"
time=2025-04-16T07:51:48.775+02:00 level=INFO msg="Middlewares attached"
time=2025-04-16T07:51:48.775+02:00 level=INFO msg="Routes attached"
time=2025-04-16T07:51:48.775+02:00 level=INFO msg="Routes attached"
time=2025-04-16T07:51:48.775+02:00 level=INFO msg="Service started up on port :5000"
time=2025-04-16T07:51:54.532+02:00 level=INFO msg="Db connection closed"
time=2025-04-16T07:51:54.532+02:00 level=INFO msg="Service shut down"
time=2025-04-16T07:52:35.249+02:00 level=INFO msg="Logger started"
time=2025-04-16T07:52:35.249+02:00 level=INFO msg="Logger init"
time=2025-04-16T07:52:35.256+02:00 level=INFO msg="Database connected"
time=2025-04-16T07:52:35.256+02:00 level=INFO msg="Middlewares attached"
time=2025-04-16T07:52:35.256+02:00 level=INFO msg="Routes attached"
time=2025-04-16T07:52:35.256+02:00 level=INFO msg="Routes attached"
time=2025-04-16T07:52:35.256+02:00 level=INFO msg="Service started up on port :5000"
time=2025-04-16T07:52:38.512+02:00 level=INFO msg="Db connection closed"
time=2025-04-16T07:52:38.512+02:00 level=INFO msg="Service shut down"
time=2025-04-16T07:53:16.188+02:00 level=INFO msg="Logger started"
time=2025-04-16T07:53:16.188+02:00 level=INFO msg="Logger init"
time=2025-04-16T07:53:16.194+02:00 level=INFO msg="Database connected"
time=2025-04-16T07:53:16.194+02:00 level=INFO msg="Middlewares attached"
time=2025-04-16T07:53:16.194+02:00 level=INFO msg="Routes attached"
time=2025-04-16T07:53:16.194+02:00 level=INFO msg="Routes attached"
time=2025-04-16T07:53:16.194+02:00 level=INFO msg="Service started up on port :5000"
time=2025-04-16T07:53:19.762+02:00 level=INFO msg="Db connection closed"
time=2025-04-16T07:53:19.762+02:00 level=INFO msg="Service shut down"
time=2025-04-16T07:53:39.366+02:00 level=INFO msg="Logger started"
time=2025-04-16T07:53:39.366+02:00 level=INFO msg="Logger init"
time=2025-04-16T07:53:39.372+02:00 level=INFO msg="Database connected"
time=2025-04-16T07:53:39.372+02:00 level=INFO msg="Middlewares attached"
time=2025-04-16T07:53:39.372+02:00 level=INFO msg="Routes attached"
time=2025-04-16T07:53:39.372+02:00 level=INFO msg="Routes attached"
time=2025-04-16T07:53:39.372+02:00 level=INFO msg="Service started up on port :5000"
time=2025-04-16T07:53:40.633+02:00 level=INFO msg="Get all books served"
time=2025-04-16T07:53:44.708+02:00 level=INFO msg="Db connection closed"
time=2025-04-16T07:53:44.708+02:00 level=INFO msg="Service shut down"
time=2025-04-16T07:57:17.739+02:00 level=INFO msg="Logger started"
time=2025-04-16T07:57:17.739+02:00 level=INFO msg="Logger init"
time=2025-04-16T07:57:17.745+02:00 level=INFO msg="Database connected"
time=2025-04-16T07:57:17.745+02:00 level=INFO msg="Middlewares attached"
time=2025-04-16T07:57:17.745+02:00 level=INFO msg="Routes attached"
time=2025-04-16T07:57:17.745+02:00 level=INFO msg="Routes attached"
time=2025-04-16T07:57:17.745+02:00 level=INFO msg="Service started up on port :5000"
time=2025-04-16T07:57:31.419+02:00 level=INFO msg="Db connection closed"
time=2025-04-16T07:57:31.419+02:00 level=INFO msg="Service shut down"
time=2025-04-16T07:58:52.271+02:00 level=INFO msg="Logger started"
time=2025-04-16T07:58:52.271+02:00 level=INFO msg="Logger init"
time=2025-04-16T07:58:52.278+02:00 level=INFO msg="Database connected"
time=2025-04-16T07:58:52.278+02:00 level=INFO msg="Middlewares attached"
time=2025-04-16T07:58:52.278+02:00 level=INFO msg="Routes attached"
time=2025-04-16T07:58:52.278+02:00 level=INFO msg="Routes attached"
time=2025-04-16T07:58:52.278+02:00 level=INFO msg="Service started up on port :5000"
time=2025-04-16T07:58:55.544+02:00 level=INFO msg="Db connection closed"
time=2025-04-16T07:58:55.544+02:00 level=INFO msg="Service shut down"
time=2025-04-16T07:59:11.258+02:00 level=INFO msg="Logger started"
time=2025-04-16T07:59:11.258+02:00 level=INFO msg="Logger init"
time=2025-04-16T07:59:11.263+02:00 level=INFO msg="Database connected"
time=2025-04-16T07:59:11.263+02:00 level=INFO msg="Middlewares attached"
time=2025-04-16T07:59:11.263+02:00 level=INFO msg="Routes attached"
time=2025-04-16T07:59:11.263+02:00 level=INFO msg="Routes attached"
time=2025-04-16T07:59:11.263+02:00 level=INFO msg="Service started up on port :5000"
time=2025-04-16T07:59:13.066+02:00 level=INFO msg="Get all books served"
time=2025-04-16T07:59:15.488+02:00 level=INFO msg="Db connection closed"
time=2025-04-16T07:59:15.488+02:00 level=INFO msg="Service shut down"
